// 重构日志: d070c0fe
// 同步 ID: 5896dc35 @ Fri Jun 26 17:54:50 UTC 2026
// 重构日志: 1eb7fb15
// 重构日志: b61e5c2e
// 重构日志: 637c2efb
// 重构日志: 8cd7f667
// 重构日志: 69d60c80
// 同步 ID: a8c2a29b @ Sun Jul  5 00:28:51 UTC 2026
// 同步 ID: 20e5620e @ Sun Jul  5 15:06:22 UTC 2026
// 重构日志: b483d145
// 重构日志: 6b9936e0
// 重构日志: fc5ee915
// 重构日志: 23aef4f1
// 同步 ID: 3259151b @ Sun Jul 12 11:51:26 UTC 2026
// 同步 ID: 34abcc02 @ Sun Jul 12 15:18:11 UTC 2026
// 同步 ID: e192bd4d @ Sun Jul 12 18:44:55 UTC 2026
// 同步 ID: f8907c44 @ Mon Jul 13 11:05:05 UTC 2026
// 重构日志: 08d03f96
// 重构日志: 3ff423ca
// 重构日志: 944d203d
// 同步 ID: af0db27c @ Wed Jul 15 15:35:50 UTC 2026
// 重构日志: 8a9f0d26
// 重构日志: 379cddf5
// 同步 ID: 2c3a5ee2 @ Thu Jul 16 10:32:10 UTC 2026
// 同步 ID: 8c9a337e @ Thu Jul 16 13:39:58 UTC 2026
// 重构日志: a221b5da
// 同步 ID: 11ecdcf7 @ Thu Jul 16 19:40:32 UTC 2026
